<?xml version="1.0" encoding="UTF-8"?>
<!-- Generated by org.testng.reporters.JUnitReportReporter -->
<testsuite hostname="DESKTOP-EPAVBKE" failures="0" tests="1" name="com.actiitme.testscript.CustomerModule" time="0.031" errors="0" timestamp="2023-09-27T16:52:59 IST" skipped="0">
  <testcase classname="com.actiitme.testscript.CustomerModule" name="createCustomer" time="0.031">
    <system-out>
      <![CDATA[Create customer]]>
    </system-out>
  </testcase> <!-- createCustomer -->
  <system-out>
    <![CDATA[Create customer]]>
  </system-out>
</testsuite> <!-- com.actiitme.testscript.CustomerModule -->
